Determining if the pthread_create exist failed with the following output:
Change Dir: /mnt/w/cpp_workplace/playsnake/server/cmake-build-debug/CMakeFiles/CMakeTmp

Run Build Command:"/usr/bin/make" "cmTC_d917c/fast"
/usr/bin/make -f CMakeFiles/cmTC_d917c.dir/build.make CMakeFiles/cmTC_d917c.dir/build
make[1]: Entering directory '/mnt/w/cpp_workplace/playsnake/server/cmake-build-debug/CMakeFiles/CMakeTmp'
Building C object CMakeFiles/cmTC_d917c.dir/CheckSymbolExists.c.o
/usr/bin/cc    -o CMakeFiles/cmTC_d917c.dir/CheckSymbolExists.c.o   -c /mnt/w/cpp_workplace/playsnake/server/cmake-build-debug/CMakeFiles/CMakeTmp/CheckSymbolExists.c
Linking C executable cmTC_d917c
/usr/bin/cmake -E cmake_link_script CMakeFiles/cmTC_d917c.dir/link.txt --verbose=1
/usr/bin/cc      CMakeFiles/cmTC_d917c.dir/CheckSymbolExists.c.o  -o cmTC_d917c 
CMakeFiles/cmTC_d917c.dir/CheckSymbolExists.c.o: In function `main':
CheckSymbolExists.c:(.text+0x1b): undefined reference to `pthread_create'
collect2: error: ld returned 1 exit status
CMakeFiles/cmTC_d917c.dir/build.make:97: recipe for target 'cmTC_d917c' failed
make[1]: *** [cmTC_d917c] Error 1
make[1]: Leaving directory '/mnt/w/cpp_workplace/playsnake/server/cmake-build-debug/CMakeFiles/CMakeTmp'
Makefile:126: recipe for target 'cmTC_d917c/fast' failed
make: *** [cmTC_d917c/fast] Error 2

File /mnt/w/cpp_workplace/playsnake/server/cmake-build-debug/CMakeFiles/CMakeTmp/CheckSymbolExists.c:
/* */
#include <pthread.h>

int main(int argc, char** argv)
{
  (void)argv;
#ifndef pthread_create
  return ((int*)(&pthread_create))[argc];
#else
  (void)argc;
  return 0;
#endif
}

Determining if the function pthread_create exists in the pthreads failed with the following output:
Change Dir: /mnt/w/cpp_workplace/playsnake/server/cmake-build-debug/CMakeFiles/CMakeTmp

Run Build Command:"/usr/bin/make" "cmTC_aaa02/fast"
/usr/bin/make -f CMakeFiles/cmTC_aaa02.dir/build.make CMakeFiles/cmTC_aaa02.dir/build
make[1]: Entering directory '/mnt/w/cpp_workplace/playsnake/server/cmake-build-debug/CMakeFiles/CMakeTmp'
Building C object CMakeFiles/cmTC_aaa02.dir/CheckFunctionExists.c.o
/usr/bin/cc   -DCHECK_FUNCTION_EXISTS=pthread_create   -o CMakeFiles/cmTC_aaa02.dir/CheckFunctionExists.c.o   -c /usr/share/cmake-3.10/Modules/CheckFunctionExists.c
Linking C executable cmTC_aaa02
/usr/bin/cmake -E cmake_link_script CMakeFiles/cmTC_aaa02.dir/link.txt --verbose=1
/usr/bin/cc  -DCHECK_FUNCTION_EXISTS=pthread_create    CMakeFiles/cmTC_aaa02.dir/CheckFunctionExists.c.o  -o cmTC_aaa02 -lpthreads 
/usr/bin/ld: cannot find -lpthreads
collect2: error: ld returned 1 exit status
CMakeFiles/cmTC_aaa02.dir/build.make:97: recipe for target 'cmTC_aaa02' failed
make[1]: *** [cmTC_aaa02] Error 1
make[1]: Leaving directory '/mnt/w/cpp_workplace/playsnake/server/cmake-build-debug/CMakeFiles/CMakeTmp'
Makefile:126: recipe for target 'cmTC_aaa02/fast' failed
make: *** [cmTC_aaa02/fast] Error 2


