Determining if the pthread_create exist failed with the following output:
Change Dir: /mnt/w/game2/client/cmake-build-debug/CMakeFiles/CMakeTmp

Run Build Command:"/usr/bin/make" "cmTC_5b546/fast"
/usr/bin/make -f CMakeFiles/cmTC_5b546.dir/build.make CMakeFiles/cmTC_5b546.dir/build
make[1]: Entering directory '/mnt/w/game2/client/cmake-build-debug/CMakeFiles/CMakeTmp'
Building C object CMakeFiles/cmTC_5b546.dir/CheckSymbolExists.c.o
/usr/bin/cc    -o CMakeFiles/cmTC_5b546.dir/CheckSymbolExists.c.o   -c /mnt/w/game2/client/cmake-build-debug/CMakeFiles/CMakeTmp/CheckSymbolExists.c
Linking C executable cmTC_5b546
/usr/bin/cmake -E cmake_link_script CMakeFiles/cmTC_5b546.dir/link.txt --verbose=1
/usr/bin/cc      CMakeFiles/cmTC_5b546.dir/CheckSymbolExists.c.o  -o cmTC_5b546 
CMakeFiles/cmTC_5b546.dir/CheckSymbolExists.c.o: In function `main':
CheckSymbolExists.c:(.text+0x1b): undefined reference to `pthread_create'
collect2: error: ld returned 1 exit status
CMakeFiles/cmTC_5b546.dir/build.make:97: recipe for target 'cmTC_5b546' failed
make[1]: *** [cmTC_5b546] Error 1
make[1]: Leaving directory '/mnt/w/game2/client/cmake-build-debug/CMakeFiles/CMakeTmp'
Makefile:126: recipe for target 'cmTC_5b546/fast' failed
make: *** [cmTC_5b546/fast] Error 2

File /mnt/w/game2/client/cmake-build-debug/CMakeFiles/CMakeTmp/CheckSymbolExists.c:
/* */
#include <pthread.h>

int main(int argc, char** argv)
{
  (void)argv;
#ifndef pthread_create
  return ((int*)(&pthread_create))[argc];
#else
  (void)argc;
  return 0;
#endif
}

Determining if the function pthread_create exists in the pthreads failed with the following output:
Change Dir: /mnt/w/game2/client/cmake-build-debug/CMakeFiles/CMakeTmp

Run Build Command:"/usr/bin/make" "cmTC_034fe/fast"
/usr/bin/make -f CMakeFiles/cmTC_034fe.dir/build.make CMakeFiles/cmTC_034fe.dir/build
make[1]: Entering directory '/mnt/w/game2/client/cmake-build-debug/CMakeFiles/CMakeTmp'
Building C object CMakeFiles/cmTC_034fe.dir/CheckFunctionExists.c.o
/usr/bin/cc   -DCHECK_FUNCTION_EXISTS=pthread_create   -o CMakeFiles/cmTC_034fe.dir/CheckFunctionExists.c.o   -c /usr/share/cmake-3.10/Modules/CheckFunctionExists.c
Linking C executable cmTC_034fe
/usr/bin/cmake -E cmake_link_script CMakeFiles/cmTC_034fe.dir/link.txt --verbose=1
/usr/bin/cc  -DCHECK_FUNCTION_EXISTS=pthread_create    CMakeFiles/cmTC_034fe.dir/CheckFunctionExists.c.o  -o cmTC_034fe -lpthreads 
/usr/bin/ld: cannot find -lpthreads
collect2: error: ld returned 1 exit status
CMakeFiles/cmTC_034fe.dir/build.make:97: recipe for target 'cmTC_034fe' failed
make[1]: *** [cmTC_034fe] Error 1
make[1]: Leaving directory '/mnt/w/game2/client/cmake-build-debug/CMakeFiles/CMakeTmp'
Makefile:126: recipe for target 'cmTC_034fe/fast' failed
make: *** [cmTC_034fe/fast] Error 2


